<?xml version="1.0" encoding="UTF-8"?>
<!-- Generated by org.testng.reporters.JUnitReportReporter -->
<testsuite hostname="Priya" failures="0" tests="3" name="com.demoagt.tests.HomePageTests" time="31.500" errors="0" timestamp="07 Sep 2022 04:02:48 GMT" skipped="0">
  <testcase classname="com.demoagt.tests.HomePageTests" name="testHomePageTittle" time="5.512"/>
  <testcase classname="com.demoagt.tests.HomePageTests" name="testBrokenLinks" time="19.083"/>
  <testcase classname="com.demoagt.tests.HomePageTests" name="testContactUsFunctions" time="6.905"/>
</testsuite> <!-- com.demoagt.tests.HomePageTests -->
