<?xml version="1.0" encoding="UTF-8"?>
<!-- Generated by org.testng.reporters.JUnitReportReporter -->
<testsuite hostname="Priya" failures="0" tests="1" name="com.demoagt.base.DriverScript" time="2.751" errors="0" timestamp="30 Aug 2022 03:39:36 GMT" skipped="0">
  <testcase classname="com.demoagt.base.DriverScript" name="initApplication" time="2.751"/>
</testsuite> <!-- com.demoagt.base.DriverScript -->
