<?xml version="1.0" encoding="UTF-8"?>
<!-- Generated by org.testng.reporters.JUnitReportReporter -->
<testsuite hostname="Priya" failures="0" tests="2" name="com.demoagt.tests.AboutPageTests" time="12.696" errors="0" timestamp="07 Sep 2022 04:13:37 GMT" skipped="0">
  <testcase classname="com.demoagt.tests.AboutPageTests" name="getCurrentPageTittle" time="6.024"/>
  <testcase classname="com.demoagt.tests.AboutPageTests" name="selectMenu" time="6.672"/>
</testsuite> <!-- com.demoagt.tests.AboutPageTests -->
